{'batch_size': 2,
 'board_interval': 50,
 'checkpoint_path': None,
 'd_reg_every': 16,
 'dataset_type': 'cifar10_endocde',
 'delta_norm': 2,
 'delta_norm_lambda': 0.0002,
 'device': None,
 'encoder_type': 'ProgressiveBackboneEncoder',
 'exp_dir': PosixPath('/cluster/scratch/bgunders/experiments'),
 'id_lambda': 0.1,
 'image_interval': 100,
 'input_nc': 6,
 'l2_lambda': 1.0,
 'learning_rate': 0.0001,
 'lpips_lambda': 0.8,
 'max_steps': 500000,
 'max_val_batches': None,
 'moco_lambda': 0,
 'n_iters_per_batch': 3,
 'optim_name': 'ranger',
 'output_size': 32,
 'progressive_start': None,
 'progressive_step_every': 2000,
 'progressive_steps': None,
 'r1': 10,
 'resume_training_from_ckpt': None,
 'save_interval': None,
 'save_training_data': False,
 'start_from_latent_avg': True,
 'stylegan_weights': PosixPath('/cluster/home/bgunders/stylegan3-editing/pretrained_models/sg2c10-32.pkl'),
 'sub_exp_dir': None,
 'test_batch_size': 2,
 'test_workers': 8,
 'train_decoder': False,
 'truncation_psi': 0.7,
 'update_param_list': None,
 'use_w_pool': True,
 'val_interval': 1000,
 'w_discriminator_lambda': 0.1,
 'w_discriminator_lr': 2e-05,
 'w_norm_lambda': 0,
 'w_pool_size': 50,
 'workers': 8}
Loading encoders weights from irse50!
Loading StyleGAN3 generator from path: /cluster/home/bgunders/stylegan3-editing/pretrained_models/sg2c10-32.pkl
Done!
Setting up PyTorch plugin "bias_act_plugin"... Done.
Setting up PyTorch plugin "upfirdn2d_plugin"... Downloading: "https://download.pytorch.org/models/alexnet-owt-7be5be79.pth" to /cluster/home/bgunders/.cache/torch/hub/checkpoints/alexnet-owt-7be5be79.pth
  0%|          | 0.00/233M [00:00<?, ?B/s]  1%|          | 1.92M/233M [00:00<00:12, 19.8MB/s]  4%|▍         | 9.51M/233M [00:00<00:09, 25.5MB/s] 13%|█▎        | 29.9M/233M [00:00<00:06, 34.7MB/s] 26%|██▌       | 60.9M/233M [00:00<00:03, 47.4MB/s] 39%|███▉      | 90.4M/233M [00:00<00:02, 63.5MB/s] 52%|█████▏    | 121M/233M [00:00<00:01, 83.6MB/s]  65%|██████▍   | 151M/233M [00:00<00:00, 107MB/s]  78%|███████▊  | 182M/233M [00:00<00:00, 134MB/s] 92%|█████████▏| 214M/233M [00:00<00:00, 164MB/s]100%|██████████| 233M/233M [00:00<00:00, 254MB/s]
Downloading: "https://raw.githubusercontent.com/richzhang/PerceptualSimilarity/master/lpips/weights/v0.1/alex.pth" to /cluster/home/bgunders/.cache/torch/hub/checkpoints/alex.pth
  0%|          | 0.00/5.87k [00:00<?, ?B/s]100%|██████████| 5.87k/5.87k [00:00<00:00, 4.52MB/s]Done.
Loading ResNet ArcFace
Loading dataset for cifar10_endocde
Number of training samples: 50000
Number of test samples: 10000
32

Metrics for train, step 0
	d_real_loss =  0.6864757537841797
	d_fake_loss =  0.6879218816757202
	discriminator_loss =  1.3743976354599
	discriminator_r1_loss =  0.16009721159934998
	encoder_discriminator_loss =  0.34721481800079346
	loss_id =  0.34086522459983826
	id_improve =  -0.34086519479751587
	loss_l2 =  0.2531087398529053
	loss_lpips =  0.19770118594169617
	loss =  0.48007771372795105
/cluster/home/bgunders/stylegan3-editing/utils/ranger.py:124: UserWarning: This overload of addcmul_ is deprecated:
	addcmul_(Number value, Tensor tensor1, Tensor tensor2)
Consider using one of the following signatures instead:
	addcmul_(Tensor tensor1, Tensor tensor2, *, Number value) (Triggered internally at  ../torch/csrc/utils/python_arg_parser.cpp:1050.)
  exp_avg_sq.mul_(beta2).addcmul_(1 - beta2, grad, grad)
slurmstepd: error: *** JOB 4405729 ON eu-g3-057 CANCELLED AT 2022-12-16T15:03:58 ***
